<?xml version="1.0" encoding="UTF-8"?>
<testsuite name="my.jersey.demo.tests.PersonResourceTest" tests="2" failures="0" errors="0" timestamp="2014-02-24T05:48:47" hostname="meet-ThinkPad-L420" time="0.688">
  <properties/>
  <testcase name="getPersonDetailsTest" classname="my.jersey.demo.tests.PersonResourceTest" time="0.527"/>
  <testcase name="insertPersonDetailsTest" classname="my.jersey.demo.tests.PersonResourceTest" time="0.056"/>
  <system-out><![CDATA[]]></system-out>
  <system-err><![CDATA[Feb 24, 2014 11:18:46 AM org.glassfish.jersey.server.ApplicationHandler initialize
INFO: Initiating Jersey application, version Jersey: 2.5.1 2014-01-02 13:43:00...
Feb 24, 2014 11:18:47 AM org.glassfish.jersey.test.grizzly.GrizzlyTestContainerFactory$GrizzlyTestContainer start
INFO: Starting GrizzlyTestContainer...
Feb 24, 2014 11:18:47 AM org.glassfish.grizzly.http.server.NetworkListener start
INFO: Started listener bound to [localhost:9998]
Feb 24, 2014 11:18:47 AM org.glassfish.grizzly.http.server.HttpServer start
INFO: [HttpServer] Started.
Feb 24, 2014 11:18:47 AM org.glassfish.jersey.test.grizzly.GrizzlyTestContainerFactory$GrizzlyTestContainer stop
INFO: Stopping GrizzlyTestContainer...
Feb 24, 2014 11:18:47 AM org.glassfish.grizzly.http.server.NetworkListener shutdownNow
INFO: Stopped listener bound to [localhost:9998]
Feb 24, 2014 11:18:47 AM org.glassfish.jersey.server.ApplicationHandler initialize
INFO: Initiating Jersey application, version Jersey: 2.5.1 2014-01-02 13:43:00...
Feb 24, 2014 11:18:47 AM org.glassfish.jersey.test.grizzly.GrizzlyTestContainerFactory$GrizzlyTestContainer start
INFO: Starting GrizzlyTestContainer...
Feb 24, 2014 11:18:47 AM org.glassfish.grizzly.http.server.NetworkListener start
INFO: Started listener bound to [localhost:9998]
Feb 24, 2014 11:18:47 AM org.glassfish.grizzly.http.server.HttpServer start
INFO: [HttpServer-1] Started.
Feb 24, 2014 11:18:48 AM org.glassfish.jersey.test.grizzly.GrizzlyTestContainerFactory$GrizzlyTestContainer stop
INFO: Stopping GrizzlyTestContainer...
Feb 24, 2014 11:18:48 AM org.glassfish.grizzly.http.server.NetworkListener shutdownNow
INFO: Stopped listener bound to [localhost:9998]
]]></system-err>
</testsuite>
